<?xml version="1.0" encoding="UTF-8"?>
<!-- Generated by org.testng.reporters.JUnitReportReporter -->
<testsuite hostname="LAPTOP-KFM2KDI1" failures="0" tests="3" name="testcases.TableTest" time="27.474" errors="0" timestamp="2022-10-24T23:04:20 IST" skipped="0">
  <testcase classname="testcases.TableTest" name="verify_firstName" time="7.033"/>
  <system-out/>
  <testcase classname="testcases.TableTest" name="verify_person_office" time="14.193"/>
  <system-out/>
  <testcase classname="testcases.TableTest" name="verify_persons_office" time="6.248"/>
  <system-out/>
</testsuite> <!-- testcases.TableTest -->
