<?xml version="1.0" encoding="UTF-8"?>
<!-- Generated by org.testng.reporters.JUnitReportReporter -->
<testsuite hostname="LAPTOP-KFM2KDI1" failures="0" tests="1" name="testcases.DateTest" time="13.629" errors="0" timestamp="2022-10-18T09:17:34 IST" skipped="0">
  <testcase classname="testcases.DateTest" name="verify_date" time="13.629"/>
  <system-out/>
</testsuite> <!-- testcases.DateTest -->
